<?xml version="1.0" encoding="UTF-8"?>
<!-- Generated by org.testng.reporters.JUnitXMLReporter -->
<testsuite ignored="0" hostname="DESKTOP-GMAST3H" failures="0" tests="6" name="Default test" time="14.122" errors="0" timestamp="2024-01-11T16:26:07 IST">
  <testcase classname="api.test.DataDrivenTest" name="testPostUser" time="4.694"/>
  <testcase classname="api.test.DataDrivenTest" name="testPostUser" time="1.346"/>
  <testcase classname="api.test.DataDrivenTest" name="testPostUser" time="1.283"/>
  <testcase classname="api.test.DataDrivenTest" name="deletUser" time="1.365"/>
  <testcase classname="api.test.DataDrivenTest" name="deletUser" time="1.321"/>
  <testcase classname="api.test.DataDrivenTest" name="deletUser" time="1.37"/>
</testsuite> <!-- Default test -->
