<?xml version="1.0" encoding="UTF-8"?>
<testng-results ignored="0" total="4" passed="4" failed="0" skipped="0">
  <reporter-output>
  </reporter-output>
  <suite started-at="2024-01-18T15:30:03 IST" name="PetSuite" finished-at="2024-01-18T15:30:18 IST" duration-ms="14630">
    <groups>
    </groups>
    <test started-at="2024-01-18T15:30:03 IST" name="PetTest" finished-at="2024-01-18T15:30:18 IST" duration-ms="14630">
      <class name="api.test.UserTest">
        <test-method is-config="true" signature="setup()[pri:0, instance:api.test.UserTest@8dbdac1]" started-at="2024-01-18T15:30:04 IST" name="setup" finished-at="2024-01-18T15:30:06 IST" duration-ms="2363" status="PASS">
          <reporter-output>
          </reporter-output>
        </test-method> <!-- setup -->
        <test-method signature="postUser()[pri:1, instance:api.test.UserTest@8dbdac1]" started-at="2024-01-18T15:30:06 IST" name="postUser" finished-at="2024-01-18T15:30:13 IST" duration-ms="6239" status="PASS">
          <reporter-output>
          </reporter-output>
        </test-method> <!-- postUser -->
        <test-method signature="getUser()[pri:2, instance:api.test.UserTest@8dbdac1]" started-at="2024-01-18T15:30:13 IST" name="getUser" finished-at="2024-01-18T15:30:14 IST" duration-ms="1430" status="PASS">
          <reporter-output>
          </reporter-output>
        </test-method> <!-- getUser -->
        <test-method signature="UpdateUser()[pri:3, instance:api.test.UserTest@8dbdac1]" started-at="2024-01-18T15:30:14 IST" name="UpdateUser" finished-at="2024-01-18T15:30:17 IST" duration-ms="2728" status="PASS">
          <reporter-output>
          </reporter-output>
        </test-method> <!-- UpdateUser -->
        <test-method signature="deleteUser()[pri:4, instance:api.test.UserTest@8dbdac1]" started-at="2024-01-18T15:30:17 IST" name="deleteUser" finished-at="2024-01-18T15:30:18 IST" duration-ms="1333" status="PASS">
          <reporter-output>
          </reporter-output>
        </test-method> <!-- deleteUser -->
      </class> <!-- api.test.UserTest -->
    </test> <!-- PetTest -->
  </suite> <!-- PetSuite -->
</testng-results>
