<?xml version="1.0" encoding="UTF-8"?>
<!-- Generated by org.testng.reporters.JUnitXMLReporter -->
<testsuite ignored="0" hostname="DESKTOP-GMAST3H" failures="0" tests="4" name="PetTest" time="14.63" errors="0" timestamp="2024-01-18T15:30:19 IST">
  <testcase classname="api.test.UserTest" name="postUser" time="6.239"/>
  <testcase classname="api.test.UserTest" name="getUser" time="1.43"/>
  <testcase classname="api.test.UserTest" name="UpdateUser" time="2.728"/>
  <testcase classname="api.test.UserTest" name="deleteUser" time="1.333"/>
</testsuite> <!-- PetTest -->
