<?xml version="1.0" encoding="UTF-8"?>
<!-- Generated by org.testng.reporters.JUnitXMLReporter -->
<testsuite ignored="0" hostname="DESKTOP-GMAST3H" failures="0" tests="4" name="PetTest" time="9.512" errors="0" timestamp="2024-01-13T10:14:24 IST">
  <testcase classname="api.test.UserTest" name="postUser" time="2.908"/>
  <testcase classname="api.test.UserTest" name="getUser" time="1.279"/>
  <testcase classname="api.test.UserTest" name="UpdateUser" time="2.524"/>
  <testcase classname="api.test.UserTest" name="deleteUser" time="1.574"/>
</testsuite> <!-- PetTest -->
